<?xml version="1.0" encoding="UTF-8"?>
<testsuite xmlns:xsi="http://www.w3.org/2001/XMLSchema-instance" xsi:noNamespaceSchemaLocation="https://maven.apache.org/surefire/maven-surefire-plugin/xsd/surefire-test-report-3.0.xsd" version="3.0" name="ru.pominov.taskmanager.service.TaskServiceIntegrationTests" time="1.289" tests="11" errors="0" skipped="0" failures="0">
  <properties>
    <property name="java.specification.version" value="17"/>
    <property name="sun.jnu.encoding" value="UTF-8"/>
    <property name="java.class.path" value="/Users/buffy/Desktop/task-manager/main-service/target/test-classes:/Users/buffy/Desktop/task-manager/main-service/target/classes:/Users/buffy/.m2/repository/org/springframework/boot/spring-boot-starter-actuator/3.1.5/spring-boot-starter-actuator-3.1.5.jar:/Users/buffy/.m2/repository/org/springframework/boot/spring-boot-actuator-autoconfigure/3.1.5/spring-boot-actuator-autoconfigure-3.1.5.jar:/Users/buffy/.m2/repository/org/springframework/boot/spring-boot-actuator/3.1.5/spring-boot-actuator-3.1.5.jar:/Users/buffy/.m2/repository/com/fasterxml/jackson/datatype/jackson-datatype-jsr310/2.15.3/jackson-datatype-jsr310-2.15.3.jar:/Users/buffy/.m2/repository/io/micrometer/micrometer-observation/1.11.5/micrometer-observation-1.11.5.jar:/Users/buffy/.m2/repository/io/micrometer/micrometer-commons/1.11.5/micrometer-commons-1.11.5.jar:/Users/buffy/.m2/repository/io/micrometer/micrometer-core/1.11.5/micrometer-core-1.11.5.jar:/Users/buffy/.m2/repository/org/hdrhistogram/HdrHistogram/2.1.12/HdrHistogram-2.1.12.jar:/Users/buffy/.m2/repository/org/latencyutils/LatencyUtils/2.0.3/LatencyUtils-2.0.3.jar:/Users/buffy/.m2/repository/org/springframework/boot/spring-boot-starter-data-jpa/3.1.5/spring-boot-starter-data-jpa-3.1.5.jar:/Users/buffy/.m2/repository/org/springframework/boot/spring-boot-starter-aop/3.1.5/spring-boot-starter-aop-3.1.5.jar:/Users/buffy/.m2/repository/org/aspectj/aspectjweaver/1.9.20/aspectjweaver-1.9.20.jar:/Users/buffy/.m2/repository/org/springframework/boot/spring-boot-starter-jdbc/3.1.5/spring-boot-starter-jdbc-3.1.5.jar:/Users/buffy/.m2/repository/com/zaxxer/HikariCP/5.0.1/HikariCP-5.0.1.jar:/Users/buffy/.m2/repository/org/springframework/spring-jdbc/6.0.13/spring-jdbc-6.0.13.jar:/Users/buffy/.m2/repository/org/hibernate/orm/hibernate-core/6.2.13.Final/hibernate-core-6.2.13.Final.jar:/Users/buffy/.m2/repository/jakarta/persistence/jakarta.persistence-api/3.1.0/jakarta.persistence-api-3.1.0.jar:/Users/buffy/.m2/repository/jakarta/transaction/jakarta.transaction-api/2.0.1/jakarta.transaction-api-2.0.1.jar:/Users/buffy/.m2/repository/org/jboss/logging/jboss-logging/3.5.3.Final/jboss-logging-3.5.3.Final.jar:/Users/buffy/.m2/repository/org/hibernate/common/hibernate-commons-annotations/6.0.6.Final/hibernate-commons-annotations-6.0.6.Final.jar:/Users/buffy/.m2/repository/io/smallrye/jandex/3.0.5/jandex-3.0.5.jar:/Users/buffy/.m2/repository/com/fasterxml/classmate/1.5.1/classmate-1.5.1.jar:/Users/buffy/.m2/repository/net/bytebuddy/byte-buddy/1.14.9/byte-buddy-1.14.9.jar:/Users/buffy/.m2/repository/org/glassfish/jaxb/jaxb-runtime/4.0.3/jaxb-runtime-4.0.3.jar:/Users/buffy/.m2/repository/org/glassfish/jaxb/jaxb-core/4.0.3/jaxb-core-4.0.3.jar:/Users/buffy/.m2/repository/org/eclipse/angus/angus-activation/2.0.1/angus-activation-2.0.1.jar:/Users/buffy/.m2/repository/org/glassfish/jaxb/txw2/4.0.3/txw2-4.0.3.jar:/Users/buffy/.m2/repository/com/sun/istack/istack-commons-runtime/4.1.2/istack-commons-runtime-4.1.2.jar:/Users/buffy/.m2/repository/jakarta/inject/jakarta.inject-api/2.0.1/jakarta.inject-api-2.0.1.jar:/Users/buffy/.m2/repository/org/antlr/antlr4-runtime/4.10.1/antlr4-runtime-4.10.1.jar:/Users/buffy/.m2/repository/org/springframework/data/spring-data-jpa/3.1.5/spring-data-jpa-3.1.5.jar:/Users/buffy/.m2/repository/org/springframework/data/spring-data-commons/3.1.5/spring-data-commons-3.1.5.jar:/Users/buffy/.m2/repository/org/springframework/spring-orm/6.0.13/spring-orm-6.0.13.jar:/Users/buffy/.m2/repository/org/springframework/spring-context/6.0.13/spring-context-6.0.13.jar:/Users/buffy/.m2/repository/org/springframework/spring-tx/6.0.13/spring-tx-6.0.13.jar:/Users/buffy/.m2/repository/org/springframework/spring-beans/6.0.13/spring-beans-6.0.13.jar:/Users/buffy/.m2/repository/org/slf4j/slf4j-api/2.0.9/slf4j-api-2.0.9.jar:/Users/buffy/.m2/repository/org/springframework/spring-aspects/6.0.13/spring-aspects-6.0.13.jar:/Users/buffy/.m2/repository/org/springframework/boot/spring-boot-starter-security/3.1.5/spring-boot-starter-security-3.1.5.jar:/Users/buffy/.m2/repository/org/springframework/spring-aop/6.0.13/spring-aop-6.0.13.jar:/Users/buffy/.m2/repository/org/springframework/security/spring-security-config/6.1.5/spring-security-config-6.1.5.jar:/Users/buffy/.m2/repository/org/springframework/security/spring-security-web/6.1.5/spring-security-web-6.1.5.jar:/Users/buffy/.m2/repository/org/springframework/spring-expression/6.0.13/spring-expression-6.0.13.jar:/Users/buffy/.m2/repository/org/springframework/boot/spring-boot-starter-web/3.1.5/spring-boot-starter-web-3.1.5.jar:/Users/buffy/.m2/repository/org/springframework/boot/spring-boot-starter-json/3.1.5/spring-boot-starter-json-3.1.5.jar:/Users/buffy/.m2/repository/com/fasterxml/jackson/datatype/jackson-datatype-jdk8/2.15.3/jackson-datatype-jdk8-2.15.3.jar:/Users/buffy/.m2/repository/com/fasterxml/jackson/module/jackson-module-parameter-names/2.15.3/jackson-module-parameter-names-2.15.3.jar:/Users/buffy/.m2/repository/org/springframework/boot/spring-boot-starter-tomcat/3.1.5/spring-boot-starter-tomcat-3.1.5.jar:/Users/buffy/.m2/repository/org/apache/tomcat/embed/tomcat-embed-core/10.1.15/tomcat-embed-core-10.1.15.jar:/Users/buffy/.m2/repository/org/apache/tomcat/embed/tomcat-embed-websocket/10.1.15/tomcat-embed-websocket-10.1.15.jar:/Users/buffy/.m2/repository/org/springframework/spring-web/6.0.13/spring-web-6.0.13.jar:/Users/buffy/.m2/repository/org/springframework/spring-webmvc/6.0.13/spring-webmvc-6.0.13.jar:/Users/buffy/.m2/repository/com/h2database/h2/2.1.214/h2-2.1.214.jar:/Users/buffy/.m2/repository/org/postgresql/postgresql/42.6.0/postgresql-42.6.0.jar:/Users/buffy/.m2/repository/org/checkerframework/checker-qual/3.31.0/checker-qual-3.31.0.jar:/Users/buffy/.m2/repository/org/projectlombok/lombok/1.18.30/lombok-1.18.30.jar:/Users/buffy/.m2/repository/org/mapstruct/mapstruct/1.5.3.Final/mapstruct-1.5.3.Final.jar:/Users/buffy/.m2/repository/org/mapstruct/mapstruct-processor/1.5.3.Final/mapstruct-processor-1.5.3.Final.jar:/Users/buffy/.m2/repository/org/springframework/boot/spring-boot-starter-test/3.1.5/spring-boot-starter-test-3.1.5.jar:/Users/buffy/.m2/repository/org/springframework/boot/spring-boot-test/3.1.5/spring-boot-test-3.1.5.jar:/Users/buffy/.m2/repository/org/springframework/boot/spring-boot-test-autoconfigure/3.1.5/spring-boot-test-autoconfigure-3.1.5.jar:/Users/buffy/.m2/repository/com/jayway/jsonpath/json-path/2.8.0/json-path-2.8.0.jar:/Users/buffy/.m2/repository/jakarta/xml/bind/jakarta.xml.bind-api/4.0.1/jakarta.xml.bind-api-4.0.1.jar:/Users/buffy/.m2/repository/jakarta/activation/jakarta.activation-api/2.1.2/jakarta.activation-api-2.1.2.jar:/Users/buffy/.m2/repository/net/minidev/json-smart/2.4.11/json-smart-2.4.11.jar:/Users/buffy/.m2/repository/net/minidev/accessors-smart/2.4.11/accessors-smart-2.4.11.jar:/Users/buffy/.m2/repository/org/ow2/asm/asm/9.3/asm-9.3.jar:/Users/buffy/.m2/repository/org/assertj/assertj-core/3.24.2/assertj-core-3.24.2.jar:/Users/buffy/.m2/repository/org/hamcrest/hamcrest/2.2/hamcrest-2.2.jar:/Users/buffy/.m2/repository/org/junit/jupiter/junit-jupiter/5.9.3/junit-jupiter-5.9.3.jar:/Users/buffy/.m2/repository/org/junit/jupiter/junit-jupiter-api/5.9.3/junit-jupiter-api-5.9.3.jar:/Users/buffy/.m2/repository/org/opentest4j/opentest4j/1.2.0/opentest4j-1.2.0.jar:/Users/buffy/.m2/repository/org/junit/platform/junit-platform-commons/1.9.3/junit-platform-commons-1.9.3.jar:/Users/buffy/.m2/repository/org/apiguardian/apiguardian-api/1.1.2/apiguardian-api-1.1.2.jar:/Users/buffy/.m2/repository/org/junit/jupiter/junit-jupiter-params/5.9.3/junit-jupiter-params-5.9.3.jar:/Users/buffy/.m2/repository/org/junit/jupiter/junit-jupiter-engine/5.9.3/junit-jupiter-engine-5.9.3.jar:/Users/buffy/.m2/repository/org/junit/platform/junit-platform-engine/1.9.3/junit-platform-engine-1.9.3.jar:/Users/buffy/.m2/repository/org/mockito/mockito-core/5.3.1/mockito-core-5.3.1.jar:/Users/buffy/.m2/repository/net/bytebuddy/byte-buddy-agent/1.14.9/byte-buddy-agent-1.14.9.jar:/Users/buffy/.m2/repository/org/objenesis/objenesis/3.3/objenesis-3.3.jar:/Users/buffy/.m2/repository/org/mockito/mockito-junit-jupiter/5.3.1/mockito-junit-jupiter-5.3.1.jar:/Users/buffy/.m2/repository/org/skyscreamer/jsonassert/1.5.1/jsonassert-1.5.1.jar:/Users/buffy/.m2/repository/com/vaadin/external/google/android-json/0.0.20131108.vaadin1/android-json-0.0.20131108.vaadin1.jar:/Users/buffy/.m2/repository/org/springframework/spring-core/6.0.13/spring-core-6.0.13.jar:/Users/buffy/.m2/repository/org/springframework/spring-jcl/6.0.13/spring-jcl-6.0.13.jar:/Users/buffy/.m2/repository/org/springframework/spring-test/6.0.13/spring-test-6.0.13.jar:/Users/buffy/.m2/repository/org/xmlunit/xmlunit-core/2.9.1/xmlunit-core-2.9.1.jar:/Users/buffy/.m2/repository/org/springframework/security/spring-security-test/6.1.5/spring-security-test-6.1.5.jar:/Users/buffy/.m2/repository/org/springframework/security/spring-security-core/6.1.5/spring-security-core-6.1.5.jar:/Users/buffy/.m2/repository/org/springframework/security/spring-security-crypto/6.1.5/spring-security-crypto-6.1.5.jar:/Users/buffy/.m2/repository/io/jsonwebtoken/jjwt-api/0.11.5/jjwt-api-0.11.5.jar:/Users/buffy/.m2/repository/io/jsonwebtoken/jjwt-impl/0.11.5/jjwt-impl-0.11.5.jar:/Users/buffy/.m2/repository/io/jsonwebtoken/jjwt-jackson/0.11.5/jjwt-jackson-0.11.5.jar:/Users/buffy/.m2/repository/com/fasterxml/jackson/core/jackson-databind/2.15.3/jackson-databind-2.15.3.jar:/Users/buffy/.m2/repository/com/fasterxml/jackson/core/jackson-annotations/2.15.3/jackson-annotations-2.15.3.jar:/Users/buffy/.m2/repository/com/fasterxml/jackson/core/jackson-core/2.15.3/jackson-core-2.15.3.jar:/Users/buffy/.m2/repository/org/springdoc/springdoc-openapi-starter-webmvc-ui/2.2.0/springdoc-openapi-starter-webmvc-ui-2.2.0.jar:/Users/buffy/.m2/repository/org/springdoc/springdoc-openapi-starter-webmvc-api/2.2.0/springdoc-openapi-starter-webmvc-api-2.2.0.jar:/Users/buffy/.m2/repository/org/springdoc/springdoc-openapi-starter-common/2.2.0/springdoc-openapi-starter-common-2.2.0.jar:/Users/buffy/.m2/repository/io/swagger/core/v3/swagger-core-jakarta/2.2.15/swagger-core-jakarta-2.2.15.jar:/Users/buffy/.m2/repository/org/apache/commons/commons-lang3/3.12.0/commons-lang3-3.12.0.jar:/Users/buffy/.m2/repository/io/swagger/core/v3/swagger-annotations-jakarta/2.2.15/swagger-annotations-jakarta-2.2.15.jar:/Users/buffy/.m2/repository/io/swagger/core/v3/swagger-models-jakarta/2.2.15/swagger-models-jakarta-2.2.15.jar:/Users/buffy/.m2/repository/com/fasterxml/jackson/dataformat/jackson-dataformat-yaml/2.15.3/jackson-dataformat-yaml-2.15.3.jar:/Users/buffy/.m2/repository/org/webjars/swagger-ui/5.2.0/swagger-ui-5.2.0.jar:/Users/buffy/.m2/repository/org/springframework/boot/spring-boot-starter-validation/3.1.5/spring-boot-starter-validation-3.1.5.jar:/Users/buffy/.m2/repository/org/apache/tomcat/embed/tomcat-embed-el/10.1.15/tomcat-embed-el-10.1.15.jar:/Users/buffy/.m2/repository/org/hibernate/validator/hibernate-validator/8.0.1.Final/hibernate-validator-8.0.1.Final.jar:/Users/buffy/.m2/repository/jakarta/validation/jakarta.validation-api/3.0.2/jakarta.validation-api-3.0.2.jar:/Users/buffy/.m2/repository/org/springframework/boot/spring-boot-starter/3.1.5/spring-boot-starter-3.1.5.jar:/Users/buffy/.m2/repository/org/springframework/boot/spring-boot/3.1.5/spring-boot-3.1.5.jar:/Users/buffy/.m2/repository/org/springframework/boot/spring-boot-autoconfigure/3.1.5/spring-boot-autoconfigure-3.1.5.jar:/Users/buffy/.m2/repository/org/springframework/boot/spring-boot-starter-logging/3.1.5/spring-boot-starter-logging-3.1.5.jar:/Users/buffy/.m2/repository/ch/qos/logback/logback-classic/1.4.11/logback-classic-1.4.11.jar:/Users/buffy/.m2/repository/ch/qos/logback/logback-core/1.4.11/logback-core-1.4.11.jar:/Users/buffy/.m2/repository/org/apache/logging/log4j/log4j-to-slf4j/2.20.0/log4j-to-slf4j-2.20.0.jar:/Users/buffy/.m2/repository/org/apache/logging/log4j/log4j-api/2.20.0/log4j-api-2.20.0.jar:/Users/buffy/.m2/repository/org/slf4j/jul-to-slf4j/2.0.9/jul-to-slf4j-2.0.9.jar:/Users/buffy/.m2/repository/jakarta/annotation/jakarta.annotation-api/2.1.1/jakarta.annotation-api-2.1.1.jar:/Users/buffy/.m2/repository/org/yaml/snakeyaml/1.33/snakeyaml-1.33.jar:"/>
    <property name="java.vm.vendor" value="Amazon.com Inc."/>
    <property name="sun.arch.data.model" value="64"/>
    <property name="java.vendor.url" value="https://aws.amazon.com/corretto/"/>
    <property name="user.timezone" value="Europe/Moscow"/>
    <property name="org.jboss.logging.provider" value="slf4j"/>
    <property name="os.name" value="Mac OS X"/>
    <property name="java.vm.specification.version" value="17"/>
    <property name="sun.java.launcher" value="SUN_STANDARD"/>
    <property name="user.country" value="RU"/>
    <property name="sun.boot.library.path" value="/Users/buffy/Library/Java/JavaVirtualMachines/corretto-17.0.9/Contents/Home/lib"/>
    <property name="sun.java.command" value="/Users/buffy/Desktop/task-manager/main-service/target/surefire/surefirebooter-20231212210939650_3.jar /Users/buffy/Desktop/task-manager/main-service/target/surefire 2023-12-12T21-09-39_620-jvmRun1 surefire-20231212210939650_1tmp surefire_0-20231212210939650_2tmp"/>
    <property name="http.nonProxyHosts" value="local|*.local|169.254/16|*.169.254/16"/>
    <property name="jdk.debug" value="release"/>
    <property name="surefire.test.class.path" value="/Users/buffy/Desktop/task-manager/main-service/target/test-classes:/Users/buffy/Desktop/task-manager/main-service/target/classes:/Users/buffy/.m2/repository/org/springframework/boot/spring-boot-starter-actuator/3.1.5/spring-boot-starter-actuator-3.1.5.jar:/Users/buffy/.m2/repository/org/springframework/boot/spring-boot-actuator-autoconfigure/3.1.5/spring-boot-actuator-autoconfigure-3.1.5.jar:/Users/buffy/.m2/repository/org/springframework/boot/spring-boot-actuator/3.1.5/spring-boot-actuator-3.1.5.jar:/Users/buffy/.m2/repository/com/fasterxml/jackson/datatype/jackson-datatype-jsr310/2.15.3/jackson-datatype-jsr310-2.15.3.jar:/Users/buffy/.m2/repository/io/micrometer/micrometer-observation/1.11.5/micrometer-observation-1.11.5.jar:/Users/buffy/.m2/repository/io/micrometer/micrometer-commons/1.11.5/micrometer-commons-1.11.5.jar:/Users/buffy/.m2/repository/io/micrometer/micrometer-core/1.11.5/micrometer-core-1.11.5.jar:/Users/buffy/.m2/repository/org/hdrhistogram/HdrHistogram/2.1.12/HdrHistogram-2.1.12.jar:/Users/buffy/.m2/repository/org/latencyutils/LatencyUtils/2.0.3/LatencyUtils-2.0.3.jar:/Users/buffy/.m2/repository/org/springframework/boot/spring-boot-starter-data-jpa/3.1.5/spring-boot-starter-data-jpa-3.1.5.jar:/Users/buffy/.m2/repository/org/springframework/boot/spring-boot-starter-aop/3.1.5/spring-boot-starter-aop-3.1.5.jar:/Users/buffy/.m2/repository/org/aspectj/aspectjweaver/1.9.20/aspectjweaver-1.9.20.jar:/Users/buffy/.m2/repository/org/springframework/boot/spring-boot-starter-jdbc/3.1.5/spring-boot-starter-jdbc-3.1.5.jar:/Users/buffy/.m2/repository/com/zaxxer/HikariCP/5.0.1/HikariCP-5.0.1.jar:/Users/buffy/.m2/repository/org/springframework/spring-jdbc/6.0.13/spring-jdbc-6.0.13.jar:/Users/buffy/.m2/repository/org/hibernate/orm/hibernate-core/6.2.13.Final/hibernate-core-6.2.13.Final.jar:/Users/buffy/.m2/repository/jakarta/persistence/jakarta.persistence-api/3.1.0/jakarta.persistence-api-3.1.0.jar:/Users/buffy/.m2/repository/jakarta/transaction/jakarta.transaction-api/2.0.1/jakarta.transaction-api-2.0.1.jar:/Users/buffy/.m2/repository/org/jboss/logging/jboss-logging/3.5.3.Final/jboss-logging-3.5.3.Final.jar:/Users/buffy/.m2/repository/org/hibernate/common/hibernate-commons-annotations/6.0.6.Final/hibernate-commons-annotations-6.0.6.Final.jar:/Users/buffy/.m2/repository/io/smallrye/jandex/3.0.5/jandex-3.0.5.jar:/Users/buffy/.m2/repository/com/fasterxml/classmate/1.5.1/classmate-1.5.1.jar:/Users/buffy/.m2/repository/net/bytebuddy/byte-buddy/1.14.9/byte-buddy-1.14.9.jar:/Users/buffy/.m2/repository/org/glassfish/jaxb/jaxb-runtime/4.0.3/jaxb-runtime-4.0.3.jar:/Users/buffy/.m2/repository/org/glassfish/jaxb/jaxb-core/4.0.3/jaxb-core-4.0.3.jar:/Users/buffy/.m2/repository/org/eclipse/angus/angus-activation/2.0.1/angus-activation-2.0.1.jar:/Users/buffy/.m2/repository/org/glassfish/jaxb/txw2/4.0.3/txw2-4.0.3.jar:/Users/buffy/.m2/repository/com/sun/istack/istack-commons-runtime/4.1.2/istack-commons-runtime-4.1.2.jar:/Users/buffy/.m2/repository/jakarta/inject/jakarta.inject-api/2.0.1/jakarta.inject-api-2.0.1.jar:/Users/buffy/.m2/repository/org/antlr/antlr4-runtime/4.10.1/antlr4-runtime-4.10.1.jar:/Users/buffy/.m2/repository/org/springframework/data/spring-data-jpa/3.1.5/spring-data-jpa-3.1.5.jar:/Users/buffy/.m2/repository/org/springframework/data/spring-data-commons/3.1.5/spring-data-commons-3.1.5.jar:/Users/buffy/.m2/repository/org/springframework/spring-orm/6.0.13/spring-orm-6.0.13.jar:/Users/buffy/.m2/repository/org/springframework/spring-context/6.0.13/spring-context-6.0.13.jar:/Users/buffy/.m2/repository/org/springframework/spring-tx/6.0.13/spring-tx-6.0.13.jar:/Users/buffy/.m2/repository/org/springframework/spring-beans/6.0.13/spring-beans-6.0.13.jar:/Users/buffy/.m2/repository/org/slf4j/slf4j-api/2.0.9/slf4j-api-2.0.9.jar:/Users/buffy/.m2/repository/org/springframework/spring-aspects/6.0.13/spring-aspects-6.0.13.jar:/Users/buffy/.m2/repository/org/springframework/boot/spring-boot-starter-security/3.1.5/spring-boot-starter-security-3.1.5.jar:/Users/buffy/.m2/repository/org/springframework/spring-aop/6.0.13/spring-aop-6.0.13.jar:/Users/buffy/.m2/repository/org/springframework/security/spring-security-config/6.1.5/spring-security-config-6.1.5.jar:/Users/buffy/.m2/repository/org/springframework/security/spring-security-web/6.1.5/spring-security-web-6.1.5.jar:/Users/buffy/.m2/repository/org/springframework/spring-expression/6.0.13/spring-expression-6.0.13.jar:/Users/buffy/.m2/repository/org/springframework/boot/spring-boot-starter-web/3.1.5/spring-boot-starter-web-3.1.5.jar:/Users/buffy/.m2/repository/org/springframework/boot/spring-boot-starter-json/3.1.5/spring-boot-starter-json-3.1.5.jar:/Users/buffy/.m2/repository/com/fasterxml/jackson/datatype/jackson-datatype-jdk8/2.15.3/jackson-datatype-jdk8-2.15.3.jar:/Users/buffy/.m2/repository/com/fasterxml/jackson/module/jackson-module-parameter-names/2.15.3/jackson-module-parameter-names-2.15.3.jar:/Users/buffy/.m2/repository/org/springframework/boot/spring-boot-starter-tomcat/3.1.5/spring-boot-starter-tomcat-3.1.5.jar:/Users/buffy/.m2/repository/org/apache/tomcat/embed/tomcat-embed-core/10.1.15/tomcat-embed-core-10.1.15.jar:/Users/buffy/.m2/repository/org/apache/tomcat/embed/tomcat-embed-websocket/10.1.15/tomcat-embed-websocket-10.1.15.jar:/Users/buffy/.m2/repository/org/springframework/spring-web/6.0.13/spring-web-6.0.13.jar:/Users/buffy/.m2/repository/org/springframework/spring-webmvc/6.0.13/spring-webmvc-6.0.13.jar:/Users/buffy/.m2/repository/com/h2database/h2/2.1.214/h2-2.1.214.jar:/Users/buffy/.m2/repository/org/postgresql/postgresql/42.6.0/postgresql-42.6.0.jar:/Users/buffy/.m2/repository/org/checkerframework/checker-qual/3.31.0/checker-qual-3.31.0.jar:/Users/buffy/.m2/repository/org/projectlombok/lombok/1.18.30/lombok-1.18.30.jar:/Users/buffy/.m2/repository/org/mapstruct/mapstruct/1.5.3.Final/mapstruct-1.5.3.Final.jar:/Users/buffy/.m2/repository/org/mapstruct/mapstruct-processor/1.5.3.Final/mapstruct-processor-1.5.3.Final.jar:/Users/buffy/.m2/repository/org/springframework/boot/spring-boot-starter-test/3.1.5/spring-boot-starter-test-3.1.5.jar:/Users/buffy/.m2/repository/org/springframework/boot/spring-boot-test/3.1.5/spring-boot-test-3.1.5.jar:/Users/buffy/.m2/repository/org/springframework/boot/spring-boot-test-autoconfigure/3.1.5/spring-boot-test-autoconfigure-3.1.5.jar:/Users/buffy/.m2/repository/com/jayway/jsonpath/json-path/2.8.0/json-path-2.8.0.jar:/Users/buffy/.m2/repository/jakarta/xml/bind/jakarta.xml.bind-api/4.0.1/jakarta.xml.bind-api-4.0.1.jar:/Users/buffy/.m2/repository/jakarta/activation/jakarta.activation-api/2.1.2/jakarta.activation-api-2.1.2.jar:/Users/buffy/.m2/repository/net/minidev/json-smart/2.4.11/json-smart-2.4.11.jar:/Users/buffy/.m2/repository/net/minidev/accessors-smart/2.4.11/accessors-smart-2.4.11.jar:/Users/buffy/.m2/repository/org/ow2/asm/asm/9.3/asm-9.3.jar:/Users/buffy/.m2/repository/org/assertj/assertj-core/3.24.2/assertj-core-3.24.2.jar:/Users/buffy/.m2/repository/org/hamcrest/hamcrest/2.2/hamcrest-2.2.jar:/Users/buffy/.m2/repository/org/junit/jupiter/junit-jupiter/5.9.3/junit-jupiter-5.9.3.jar:/Users/buffy/.m2/repository/org/junit/jupiter/junit-jupiter-api/5.9.3/junit-jupiter-api-5.9.3.jar:/Users/buffy/.m2/repository/org/opentest4j/opentest4j/1.2.0/opentest4j-1.2.0.jar:/Users/buffy/.m2/repository/org/junit/platform/junit-platform-commons/1.9.3/junit-platform-commons-1.9.3.jar:/Users/buffy/.m2/repository/org/apiguardian/apiguardian-api/1.1.2/apiguardian-api-1.1.2.jar:/Users/buffy/.m2/repository/org/junit/jupiter/junit-jupiter-params/5.9.3/junit-jupiter-params-5.9.3.jar:/Users/buffy/.m2/repository/org/junit/jupiter/junit-jupiter-engine/5.9.3/junit-jupiter-engine-5.9.3.jar:/Users/buffy/.m2/repository/org/junit/platform/junit-platform-engine/1.9.3/junit-platform-engine-1.9.3.jar:/Users/buffy/.m2/repository/org/mockito/mockito-core/5.3.1/mockito-core-5.3.1.jar:/Users/buffy/.m2/repository/net/bytebuddy/byte-buddy-agent/1.14.9/byte-buddy-agent-1.14.9.jar:/Users/buffy/.m2/repository/org/objenesis/objenesis/3.3/objenesis-3.3.jar:/Users/buffy/.m2/repository/org/mockito/mockito-junit-jupiter/5.3.1/mockito-junit-jupiter-5.3.1.jar:/Users/buffy/.m2/repository/org/skyscreamer/jsonassert/1.5.1/jsonassert-1.5.1.jar:/Users/buffy/.m2/repository/com/vaadin/external/google/android-json/0.0.20131108.vaadin1/android-json-0.0.20131108.vaadin1.jar:/Users/buffy/.m2/repository/org/springframework/spring-core/6.0.13/spring-core-6.0.13.jar:/Users/buffy/.m2/repository/org/springframework/spring-jcl/6.0.13/spring-jcl-6.0.13.jar:/Users/buffy/.m2/repository/org/springframework/spring-test/6.0.13/spring-test-6.0.13.jar:/Users/buffy/.m2/repository/org/xmlunit/xmlunit-core/2.9.1/xmlunit-core-2.9.1.jar:/Users/buffy/.m2/repository/org/springframework/security/spring-security-test/6.1.5/spring-security-test-6.1.5.jar:/Users/buffy/.m2/repository/org/springframework/security/spring-security-core/6.1.5/spring-security-core-6.1.5.jar:/Users/buffy/.m2/repository/org/springframework/security/spring-security-crypto/6.1.5/spring-security-crypto-6.1.5.jar:/Users/buffy/.m2/repository/io/jsonwebtoken/jjwt-api/0.11.5/jjwt-api-0.11.5.jar:/Users/buffy/.m2/repository/io/jsonwebtoken/jjwt-impl/0.11.5/jjwt-impl-0.11.5.jar:/Users/buffy/.m2/repository/io/jsonwebtoken/jjwt-jackson/0.11.5/jjwt-jackson-0.11.5.jar:/Users/buffy/.m2/repository/com/fasterxml/jackson/core/jackson-databind/2.15.3/jackson-databind-2.15.3.jar:/Users/buffy/.m2/repository/com/fasterxml/jackson/core/jackson-annotations/2.15.3/jackson-annotations-2.15.3.jar:/Users/buffy/.m2/repository/com/fasterxml/jackson/core/jackson-core/2.15.3/jackson-core-2.15.3.jar:/Users/buffy/.m2/repository/org/springdoc/springdoc-openapi-starter-webmvc-ui/2.2.0/springdoc-openapi-starter-webmvc-ui-2.2.0.jar:/Users/buffy/.m2/repository/org/springdoc/springdoc-openapi-starter-webmvc-api/2.2.0/springdoc-openapi-starter-webmvc-api-2.2.0.jar:/Users/buffy/.m2/repository/org/springdoc/springdoc-openapi-starter-common/2.2.0/springdoc-openapi-starter-common-2.2.0.jar:/Users/buffy/.m2/repository/io/swagger/core/v3/swagger-core-jakarta/2.2.15/swagger-core-jakarta-2.2.15.jar:/Users/buffy/.m2/repository/org/apache/commons/commons-lang3/3.12.0/commons-lang3-3.12.0.jar:/Users/buffy/.m2/repository/io/swagger/core/v3/swagger-annotations-jakarta/2.2.15/swagger-annotations-jakarta-2.2.15.jar:/Users/buffy/.m2/repository/io/swagger/core/v3/swagger-models-jakarta/2.2.15/swagger-models-jakarta-2.2.15.jar:/Users/buffy/.m2/repository/com/fasterxml/jackson/dataformat/jackson-dataformat-yaml/2.15.3/jackson-dataformat-yaml-2.15.3.jar:/Users/buffy/.m2/repository/org/webjars/swagger-ui/5.2.0/swagger-ui-5.2.0.jar:/Users/buffy/.m2/repository/org/springframework/boot/spring-boot-starter-validation/3.1.5/spring-boot-starter-validation-3.1.5.jar:/Users/buffy/.m2/repository/org/apache/tomcat/embed/tomcat-embed-el/10.1.15/tomcat-embed-el-10.1.15.jar:/Users/buffy/.m2/repository/org/hibernate/validator/hibernate-validator/8.0.1.Final/hibernate-validator-8.0.1.Final.jar:/Users/buffy/.m2/repository/jakarta/validation/jakarta.validation-api/3.0.2/jakarta.validation-api-3.0.2.jar:/Users/buffy/.m2/repository/org/springframework/boot/spring-boot-starter/3.1.5/spring-boot-starter-3.1.5.jar:/Users/buffy/.m2/repository/org/springframework/boot/spring-boot/3.1.5/spring-boot-3.1.5.jar:/Users/buffy/.m2/repository/org/springframework/boot/spring-boot-autoconfigure/3.1.5/spring-boot-autoconfigure-3.1.5.jar:/Users/buffy/.m2/repository/org/springframework/boot/spring-boot-starter-logging/3.1.5/spring-boot-starter-logging-3.1.5.jar:/Users/buffy/.m2/repository/ch/qos/logback/logback-classic/1.4.11/logback-classic-1.4.11.jar:/Users/buffy/.m2/repository/ch/qos/logback/logback-core/1.4.11/logback-core-1.4.11.jar:/Users/buffy/.m2/repository/org/apache/logging/log4j/log4j-to-slf4j/2.20.0/log4j-to-slf4j-2.20.0.jar:/Users/buffy/.m2/repository/org/apache/logging/log4j/log4j-api/2.20.0/log4j-api-2.20.0.jar:/Users/buffy/.m2/repository/org/slf4j/jul-to-slf4j/2.0.9/jul-to-slf4j-2.0.9.jar:/Users/buffy/.m2/repository/jakarta/annotation/jakarta.annotation-api/2.1.1/jakarta.annotation-api-2.1.1.jar:/Users/buffy/.m2/repository/org/yaml/snakeyaml/1.33/snakeyaml-1.33.jar:"/>
    <property name="sun.cpu.endian" value="little"/>
    <property name="user.home" value="/Users/buffy"/>
    <property name="user.language" value="en"/>
    <property name="java.specification.vendor" value="Oracle Corporation"/>
    <property name="java.version.date" value="2023-10-17"/>
    <property name="java.home" value="/Users/buffy/Library/Java/JavaVirtualMachines/corretto-17.0.9/Contents/Home"/>
    <property name="file.separator" value="/"/>
    <property name="basedir" value="/Users/buffy/Desktop/task-manager/main-service"/>
    <property name="java.vm.compressedOopsMode" value="Zero based"/>
    <property name="line.separator" value="&#10;"/>
    <property name="java.vm.specification.vendor" value="Oracle Corporation"/>
    <property name="java.specification.name" value="Java Platform API Specification"/>
    <property name="FILE_LOG_CHARSET" value="UTF-8"/>
    <property name="java.awt.headless" value="true"/>
    <property name="surefire.real.class.path" value="/Users/buffy/Desktop/task-manager/main-service/target/surefire/surefirebooter-20231212210939650_3.jar"/>
    <property name="sun.management.compiler" value="HotSpot 64-Bit Tiered Compilers"/>
    <property name="ftp.nonProxyHosts" value="local|*.local|169.254/16|*.169.254/16"/>
    <property name="java.runtime.version" value="17.0.9+8-LTS"/>
    <property name="user.name" value="buffy"/>
    <property name="path.separator" value=":"/>
    <property name="os.version" value="13.2.1"/>
    <property name="java.runtime.name" value="OpenJDK Runtime Environment"/>
    <property name="file.encoding" value="UTF-8"/>
    <property name="java.vm.name" value="OpenJDK 64-Bit Server VM"/>
    <property name="java.vendor.version" value="Corretto-17.0.9.8.1"/>
    <property name="localRepository" value="/Users/buffy/.m2/repository"/>
    <property name="java.vendor.url.bug" value="https://github.com/corretto/corretto-17/issues/"/>
    <property name="java.io.tmpdir" value="/var/folders/03/7ph542bx2wsbl5xfb12k3f6c0000gn/T/"/>
    <property name="idea.version" value="2023.2.2"/>
    <property name="com.zaxxer.hikari.pool_number" value="5"/>
    <property name="java.version" value="17.0.9"/>
    <property name="user.dir" value="/Users/buffy/Desktop/task-manager/main-service"/>
    <property name="os.arch" value="aarch64"/>
    <property name="java.vm.specification.name" value="Java Virtual Machine Specification"/>
    <property name="PID" value="1591"/>
    <property name="CONSOLE_LOG_CHARSET" value="UTF-8"/>
    <property name="native.encoding" value="UTF-8"/>
    <property name="java.library.path" value="/Users/buffy/Library/Java/Extensions:/Library/Java/Extensions:/Network/Library/Java/Extensions:/System/Library/Java/Extensions:/usr/lib/java:."/>
    <property name="java.vm.info" value="mixed mode, sharing"/>
    <property name="java.vendor" value="Amazon.com Inc."/>
    <property name="java.vm.version" value="17.0.9+8-LTS"/>
    <property name="sun.io.unicode.encoding" value="UnicodeBig"/>
    <property name="socksNonProxyHosts" value="local|*.local|169.254/16|*.169.254/16"/>
    <property name="java.class.version" value="61.0"/>
  </properties>
  <testcase name="addNewTaskShouldAdd" classname="ru.pominov.taskmanager.service.TaskServiceIntegrationTests" time="0.08">
    <system-out><![CDATA[&amp#27;[2m2023-12-12T21:09:46.167+03:00&amp#27;[0;39m &amp#27;[32m INFO&amp#27;[0;39m &amp#27;[35m1591&amp#27;[0;39m &amp#27;[2m---&amp#27;[0;39m &amp#27;[2m[           main]&amp#27;[0;39m &amp#27;[36mt.c.s.AnnotationConfigContextLoaderUtils&amp#27;[0;39m &amp#27;[2m:&amp#27;[0;39m Could not detect default configuration classes for test class [ru.pominov.taskmanager.service.TaskServiceIntegrationTests]: TaskServiceIntegrationTests does not declare any static, non-private, non-final, nested classes annotated with @Configuration.
&amp#27;[2m2023-12-12T21:09:46.168+03:00&amp#27;[0;39m &amp#27;[32m INFO&amp#27;[0;39m &amp#27;[35m1591&amp#27;[0;39m &amp#27;[2m---&amp#27;[0;39m &amp#27;[2m[           main]&amp#27;[0;39m &amp#27;[36m.b.t.c.SpringBootTestContextBootstrapper&amp#27;[0;39m &amp#27;[2m:&amp#27;[0;39m Found @SpringBootConfiguration ru.pominov.taskmanager.TaskManagerApplication for test class ru.pominov.taskmanager.service.TaskServiceIntegrationTests
&amp#27;[2m2023-12-12T21:09:46.246+03:00&amp#27;[0;39m &amp#27;[32m INFO&amp#27;[0;39m &amp#27;[35m1591&amp#27;[0;39m &amp#27;[2m---&amp#27;[0;39m &amp#27;[2m[           main]&amp#27;[0;39m &amp#27;[36mr.p.t.service.task.TaskServiceImpl      &amp#27;[0;39m &amp#27;[2m:&amp#27;[0;39m Add new task for user with ID: 1, task = Task(id=1, title=Покормить животных, description=null, status=WAITING, priority=LOW, author=User(id=1, enabled=true, firstName=Евгений, lastName=Ассертов, userInfo=UserInfo(id=1, email=user13@mail.ru, password=$2a$10$tAMqO2j2tZcofKzGU4ze5elZVtpa6xS4ufLftkW21NG6XJMad39/W, roles=ROLE_USER)), performer=null)
]]></system-out>
  </testcase>
  <testcase name="editTaskShouldThrowConflictExceptionWhenUserIsNotAuthor" classname="ru.pominov.taskmanager.service.TaskServiceIntegrationTests" time="0.201">
    <system-out><![CDATA[&amp#27;[2m2023-12-12T21:09:46.398+03:00&amp#27;[0;39m &amp#27;[32m INFO&amp#27;[0;39m &amp#27;[35m1591&amp#27;[0;39m &amp#27;[2m---&amp#27;[0;39m &amp#27;[2m[           main]&amp#27;[0;39m &amp#27;[36mr.p.t.service.task.TaskServiceImpl      &amp#27;[0;39m &amp#27;[2m:&amp#27;[0;39m Add new task for user with ID: 3, task = Task(id=2, title=Покормить животных, description=null, status=WAITING, priority=LOW, author=User(id=3, enabled=true, firstName=null, lastName=null, userInfo=UserInfo(id=1, email=user13@mail.ru, password=$2a$10$tAMqO2j2tZcofKzGU4ze5elZVtpa6xS4ufLftkW21NG6XJMad39/W, roles=ROLE_USER)), performer=null)
&amp#27;[2m2023-12-12T21:09:46.450+03:00&amp#27;[0;39m &amp#27;[31mERROR&amp#27;[0;39m &amp#27;[35m1591&amp#27;[0;39m &amp#27;[2m---&amp#27;[0;39m &amp#27;[2m[           main]&amp#27;[0;39m &amp#27;[36mr.p.t.service.task.TaskServiceImpl      &amp#27;[0;39m &amp#27;[2m:&amp#27;[0;39m User with ID: 4 doesn't have task with ID: 1
]]></system-out>
  </testcase>
  <testcase name="getAuthorTaskByIdShouldReturnAuthorTask" classname="ru.pominov.taskmanager.service.TaskServiceIntegrationTests" time="0.076">
    <system-out><![CDATA[&amp#27;[2m2023-12-12T21:09:46.526+03:00&amp#27;[0;39m &amp#27;[32m INFO&amp#27;[0;39m &amp#27;[35m1591&amp#27;[0;39m &amp#27;[2m---&amp#27;[0;39m &amp#27;[2m[           main]&amp#27;[0;39m &amp#27;[36mr.p.t.service.task.TaskServiceImpl      &amp#27;[0;39m &amp#27;[2m:&amp#27;[0;39m Add new task for user with ID: 5, task = Task(id=3, title=Покормить животных, description=null, status=WAITING, priority=LOW, author=User(id=5, enabled=true, firstName=null, lastName=null, userInfo=UserInfo(id=3, email=user1702404586251@mail.ru, password=$2a$10$h.PTbowm5YGXMzDjLAwZL.QQxcFKo7dhwnoymw.0f5c/2vqs/lVPq, roles=ROLE_USER)), performer=null)
]]></system-out>
  </testcase>
  <testcase name="getAuthorTaskByIdShouldThrowConflictException" classname="ru.pominov.taskmanager.service.TaskServiceIntegrationTests" time="0.076">
    <system-out><![CDATA[&amp#27;[2m2023-12-12T21:09:46.602+03:00&amp#27;[0;39m &amp#27;[32m INFO&amp#27;[0;39m &amp#27;[35m1591&amp#27;[0;39m &amp#27;[2m---&amp#27;[0;39m &amp#27;[2m[           main]&amp#27;[0;39m &amp#27;[36mr.p.t.service.task.TaskServiceImpl      &amp#27;[0;39m &amp#27;[2m:&amp#27;[0;39m Add new task for user with ID: 6, task = Task(id=4, title=Покормить животных, description=null, status=WAITING, priority=LOW, author=User(id=6, enabled=true, firstName=null, lastName=null, userInfo=UserInfo(id=4, email=user21702404586251@mail.ru, password=$2a$10$O8SjgTv.Agn6ukXIptln7ubsCgaosT2M9pWuDTrYiXjLv.waIhJbi, roles=ROLE_USER)), performer=null)
&amp#27;[2m2023-12-12T21:09:46.604+03:00&amp#27;[0;39m &amp#27;[31mERROR&amp#27;[0;39m &amp#27;[35m1591&amp#27;[0;39m &amp#27;[2m---&amp#27;[0;39m &amp#27;[2m[           main]&amp#27;[0;39m &amp#27;[36mr.p.t.service.task.TaskServiceImpl      &amp#27;[0;39m &amp#27;[2m:&amp#27;[0;39m User with ID: 100 doesn't have task with ID: 4
]]></system-out>
  </testcase>
  <testcase name="addNewTaskShouldThrowDataNotFoundExceptionWhenUserDoesntExist" classname="ru.pominov.taskmanager.service.TaskServiceIntegrationTests" time="0.002"/>
  <testcase name="shouldDeleteTask" classname="ru.pominov.taskmanager.service.TaskServiceIntegrationTests" time="0.081">
    <system-out><![CDATA[&amp#27;[2m2023-12-12T21:09:46.682+03:00&amp#27;[0;39m &amp#27;[32m INFO&amp#27;[0;39m &amp#27;[35m1591&amp#27;[0;39m &amp#27;[2m---&amp#27;[0;39m &amp#27;[2m[           main]&amp#27;[0;39m &amp#27;[36mr.p.t.service.task.TaskServiceImpl      &amp#27;[0;39m &amp#27;[2m:&amp#27;[0;39m Add new task for user with ID: 7, task = Task(id=5, title=Покормить животных, description=null, status=WAITING, priority=LOW, author=User(id=7, enabled=true, firstName=null, lastName=null, userInfo=UserInfo(id=5, email=user1702404586452@mail.ru, password=$2a$10$QCvcY8U2K60qQLuuLFWQX.eCre6.kaI2j8eaceeP7.lV64rT.sghC, roles=ROLE_USER)), performer=null)
&amp#27;[2m2023-12-12T21:09:46.687+03:00&amp#27;[0;39m &amp#27;[32m INFO&amp#27;[0;39m &amp#27;[35m1591&amp#27;[0;39m &amp#27;[2m---&amp#27;[0;39m &amp#27;[2m[           main]&amp#27;[0;39m &amp#27;[36mr.p.t.service.task.TaskServiceImpl      &amp#27;[0;39m &amp#27;[2m:&amp#27;[0;39m Delete task with ID: 5
]]></system-out>
  </testcase>
  <testcase name="getPerformerTaskByIdShouldThrowConflictException" classname="ru.pominov.taskmanager.service.TaskServiceIntegrationTests" time="0.151">
    <system-out><![CDATA[&amp#27;[2m2023-12-12T21:09:46.835+03:00&amp#27;[0;39m &amp#27;[32m INFO&amp#27;[0;39m &amp#27;[35m1591&amp#27;[0;39m &amp#27;[2m---&amp#27;[0;39m &amp#27;[2m[           main]&amp#27;[0;39m &amp#27;[36mr.p.t.service.task.TaskServiceImpl      &amp#27;[0;39m &amp#27;[2m:&amp#27;[0;39m Add new task for user with ID: 8, task = Task(id=6, title=Покормить животных, description=null, status=WAITING, priority=LOW, author=User(id=8, enabled=true, firstName=null, lastName=null, userInfo=UserInfo(id=6, email=user1702404586529@mail.ru, password=$2a$10$9sgOm034SOZCVhKxTJDLfOL/N8KhdoeL8gV6RHC7L.LFSJ8vTochO, roles=ROLE_USER)), performer=null)
&amp#27;[2m2023-12-12T21:09:46.838+03:00&amp#27;[0;39m &amp#27;[32m INFO&amp#27;[0;39m &amp#27;[35m1591&amp#27;[0;39m &amp#27;[2m---&amp#27;[0;39m &amp#27;[2m[           main]&amp#27;[0;39m &amp#27;[36mr.p.t.service.task.TaskServiceImpl      &amp#27;[0;39m &amp#27;[2m:&amp#27;[0;39m Update task with ID: 6. New data = Task(id=6, title=Покормить животных, description=null, status=WAITING, priority=LOW, author=User(id=8, enabled=true, firstName=null, lastName=null, userInfo=UserInfo(id=6, email=user1702404586529@mail.ru, password=$2a$10$9sgOm034SOZCVhKxTJDLfOL/N8KhdoeL8gV6RHC7L.LFSJ8vTochO, roles=ROLE_USER)), performer=User(id=9, enabled=true, firstName=null, lastName=null, userInfo=UserInfo(id=7, email=user1702404586608@mail.ru, password=$2a$10$Vwf9mtiVb8VGK7z0B9UyM.XQUFRKPLa6wfxKMBRL0rLcDxDi9Iddq, roles=ROLE_USER)))
&amp#27;[2m2023-12-12T21:09:46.839+03:00&amp#27;[0;39m &amp#27;[31mERROR&amp#27;[0;39m &amp#27;[35m1591&amp#27;[0;39m &amp#27;[2m---&amp#27;[0;39m &amp#27;[2m[           main]&amp#27;[0;39m &amp#27;[36mr.p.t.service.task.TaskServiceImpl      &amp#27;[0;39m &amp#27;[2m:&amp#27;[0;39m Performer with ID: 9 doesn't execute in task with ID: 100
]]></system-out>
  </testcase>
  <testcase name="changeTaskStatusByPerformerShouldChangeStatus" classname="ru.pominov.taskmanager.service.TaskServiceIntegrationTests" time="0.153">
    <system-out><![CDATA[&amp#27;[2m2023-12-12T21:09:46.988+03:00&amp#27;[0;39m &amp#27;[32m INFO&amp#27;[0;39m &amp#27;[35m1591&amp#27;[0;39m &amp#27;[2m---&amp#27;[0;39m &amp#27;[2m[           main]&amp#27;[0;39m &amp#27;[36mr.p.t.service.task.TaskServiceImpl      &amp#27;[0;39m &amp#27;[2m:&amp#27;[0;39m Add new task for user with ID: 10, task = Task(id=7, title=Покормить животных, description=null, status=WAITING, priority=LOW, author=User(id=10, enabled=true, firstName=null, lastName=null, userInfo=UserInfo(id=8, email=user1702404586690@mail.ru, password=$2a$10$jC9Sp.Hz0Bbf9TCqQXTS9eL8d4Sl9QOjynmJu403WiOr3W3xU.iSO, roles=ROLE_USER)), performer=null)
&amp#27;[2m2023-12-12T21:09:46.991+03:00&amp#27;[0;39m &amp#27;[32m INFO&amp#27;[0;39m &amp#27;[35m1591&amp#27;[0;39m &amp#27;[2m---&amp#27;[0;39m &amp#27;[2m[           main]&amp#27;[0;39m &amp#27;[36mr.p.t.service.task.TaskServiceImpl      &amp#27;[0;39m &amp#27;[2m:&amp#27;[0;39m Update task with ID: 7. New data = Task(id=7, title=Покормить животных, description=null, status=WAITING, priority=LOW, author=User(id=10, enabled=true, firstName=null, lastName=null, userInfo=UserInfo(id=8, email=user1702404586690@mail.ru, password=$2a$10$jC9Sp.Hz0Bbf9TCqQXTS9eL8d4Sl9QOjynmJu403WiOr3W3xU.iSO, roles=ROLE_USER)), performer=User(id=11, enabled=true, firstName=null, lastName=null, userInfo=UserInfo(id=9, email=user21702404586690@mail.ru, password=$2a$10$52WP77dcxZNhmRSWjhnKlO3c3RmLvths4QyqgKGNkcQWQtGDxByvy, roles=ROLE_USER)))
&amp#27;[2m2023-12-12T21:09:46.993+03:00&amp#27;[0;39m &amp#27;[32m INFO&amp#27;[0;39m &amp#27;[35m1591&amp#27;[0;39m &amp#27;[2m---&amp#27;[0;39m &amp#27;[2m[           main]&amp#27;[0;39m &amp#27;[36mr.p.t.service.task.TaskServiceImpl      &amp#27;[0;39m &amp#27;[2m:&amp#27;[0;39m Performer with ID: 11 updated status for task with ID: 7 
]]></system-out>
  </testcase>
  <testcase name="shouldGetPerformerTasks" classname="ru.pominov.taskmanager.service.TaskServiceIntegrationTests" time="0.159">
    <system-out><![CDATA[&amp#27;[2m2023-12-12T21:09:47.140+03:00&amp#27;[0;39m &amp#27;[32m INFO&amp#27;[0;39m &amp#27;[35m1591&amp#27;[0;39m &amp#27;[2m---&amp#27;[0;39m &amp#27;[2m[           main]&amp#27;[0;39m &amp#27;[36mr.p.t.service.task.TaskServiceImpl      &amp#27;[0;39m &amp#27;[2m:&amp#27;[0;39m Add new task for user with ID: 12, task = Task(id=8, title=Покормить животных, description=null, status=WAITING, priority=LOW, author=User(id=12, enabled=true, firstName=null, lastName=null, userInfo=UserInfo(id=10, email=user1702404586842@mail.ru, password=$2a$10$TDdtMi8RcxvH1GqXiYYXY.KpUmX7RPJMj8aGq5QGvAge5W6kaG4A2, roles=ROLE_USER)), performer=null)
&amp#27;[2m2023-12-12T21:09:47.143+03:00&amp#27;[0;39m &amp#27;[32m INFO&amp#27;[0;39m &amp#27;[35m1591&amp#27;[0;39m &amp#27;[2m---&amp#27;[0;39m &amp#27;[2m[           main]&amp#27;[0;39m &amp#27;[36mr.p.t.service.task.TaskServiceImpl      &amp#27;[0;39m &amp#27;[2m:&amp#27;[0;39m Update task with ID: 8. New data = Task(id=8, title=Покормить животных, description=null, status=WAITING, priority=LOW, author=User(id=12, enabled=true, firstName=null, lastName=null, userInfo=UserInfo(id=10, email=user1702404586842@mail.ru, password=$2a$10$TDdtMi8RcxvH1GqXiYYXY.KpUmX7RPJMj8aGq5QGvAge5W6kaG4A2, roles=ROLE_USER)), performer=User(id=13, enabled=true, firstName=null, lastName=null, userInfo=UserInfo(id=11, email=user21702404586842@mail.ru, password=$2a$10$mqO1NOmxxFLA8TJpu0Ic0eW7C1CxctJPI3EpxySYcjbb12dzTfbpK, roles=ROLE_USER)))
]]></system-out>
  </testcase>
  <testcase name="changeTaskStatusByPerformerShouldThrowConflictException" classname="ru.pominov.taskmanager.service.TaskServiceIntegrationTests" time="0.15">
    <system-out><![CDATA[&amp#27;[2m2023-12-12T21:09:47.302+03:00&amp#27;[0;39m &amp#27;[32m INFO&amp#27;[0;39m &amp#27;[35m1591&amp#27;[0;39m &amp#27;[2m---&amp#27;[0;39m &amp#27;[2m[           main]&amp#27;[0;39m &amp#27;[36mr.p.t.service.task.TaskServiceImpl      &amp#27;[0;39m &amp#27;[2m:&amp#27;[0;39m Add new task for user with ID: 14, task = Task(id=9, title=Покормить животных, description=null, status=WAITING, priority=LOW, author=User(id=14, enabled=true, firstName=null, lastName=null, userInfo=UserInfo(id=12, email=user1702404586995@mail.ru, password=$2a$10$i4hNRsRHpQn3FL1ZnJdOfuyNDZhHIsIg6pxEPGQzV/1rYsgRye7pO, roles=ROLE_USER)), performer=null)
&amp#27;[2m2023-12-12T21:09:47.304+03:00&amp#27;[0;39m &amp#27;[31mERROR&amp#27;[0;39m &amp#27;[35m1591&amp#27;[0;39m &amp#27;[2m---&amp#27;[0;39m &amp#27;[2m[           main]&amp#27;[0;39m &amp#27;[36mr.p.t.service.task.TaskServiceImpl      &amp#27;[0;39m &amp#27;[2m:&amp#27;[0;39m Performer with ID: 15 doesn't execute in task with ID: 9
]]></system-out>
  </testcase>
  <testcase name="editTaskShouldEditPriorityAndSetPerformerAndEditDescription" classname="ru.pominov.taskmanager.service.TaskServiceIntegrationTests" time="0.15">
    <system-out><![CDATA[&amp#27;[2m2023-12-12T21:09:47.450+03:00&amp#27;[0;39m &amp#27;[32m INFO&amp#27;[0;39m &amp#27;[35m1591&amp#27;[0;39m &amp#27;[2m---&amp#27;[0;39m &amp#27;[2m[           main]&amp#27;[0;39m &amp#27;[36mr.p.t.service.task.TaskServiceImpl      &amp#27;[0;39m &amp#27;[2m:&amp#27;[0;39m Add new task for user with ID: 16, task = Task(id=10, title=Покормить животных, description=null, status=WAITING, priority=LOW, author=User(id=16, enabled=true, firstName=null, lastName=null, userInfo=UserInfo(id=14, email=user1702404587155@mail.ru, password=$2a$10$qo/EEsdapE3yzPGwBhPpSuEV5hKrzA7gKxcjJN1Q1GAe23u1RPZcG, roles=ROLE_USER)), performer=null)
&amp#27;[2m2023-12-12T21:09:47.453+03:00&amp#27;[0;39m &amp#27;[32m INFO&amp#27;[0;39m &amp#27;[35m1591&amp#27;[0;39m &amp#27;[2m---&amp#27;[0;39m &amp#27;[2m[           main]&amp#27;[0;39m &amp#27;[36mr.p.t.service.task.TaskServiceImpl      &amp#27;[0;39m &amp#27;[2m:&amp#27;[0;39m Update task with ID: 10. New data = Task(id=10, title=Покормить животных, description=В 8 утра сухими кормом, status=WAITING, priority=HIGH, author=User(id=16, enabled=true, firstName=null, lastName=null, userInfo=UserInfo(id=14, email=user1702404587155@mail.ru, password=$2a$10$qo/EEsdapE3yzPGwBhPpSuEV5hKrzA7gKxcjJN1Q1GAe23u1RPZcG, roles=ROLE_USER)), performer=User(id=17, enabled=true, firstName=null, lastName=null, userInfo=UserInfo(id=15, email=user21702404587155@mail.ru, password=$2a$10$d/EMAKk4/AKdyNOXJfxx2eFPaKbcmSHgygJUv9aMNKdNw/TknH0b6, roles=ROLE_USER)))
]]></system-out>
  </testcase>
</testsuite>